<?xml version="1.0" encoding="UTF-8"?>
<!-- Generated by org.testng.reporters.JUnitXMLReporter -->
<testsuite ignored="0" hostname="ATMECSINDT-080" failures="0" tests="5" name="Test" time="1.764" errors="0" timestamp="13 Nov 2019 08:25:42 GMT">
  <testcase classname="com.atmecs.konakart.testbase.BaseClass" name="@BeforeClass openBrowser" time="0.0">
    <failure type="org.testng.TestNGException" message="
Parameter &amp;apos;browser&amp;apos; is required by BeforeClass on method openBrowser but has not been marked @Optional or defined
in C:\Users\sakthi.sekar\eclipse-workspace\Konakart\testng.xml">
      <![CDATA[org.testng.TestNGException: 
Parameter 'browser' is required by BeforeClass on method openBrowser but has not been marked @Optional or defined
in C:\Users\sakthi.sekar\eclipse-workspace\Konakart\testng.xml
... Removed 23 stack frames]]>
    </failure>
  </testcase> <!-- @BeforeClass openBrowser -->
  <testcase classname="com.atmecs.konakart.testscripts.SearchPage" name="clickOnSearch" time="0.0">
    <skipped/>
  </testcase> <!-- clickOnSearch -->
  <testcase classname="com.atmecs.konakart.testscripts.SearchPage" name="selectFromDropDown" time="0.0">
    <skipped/>
  </testcase> <!-- selectFromDropDown -->
  <testcase classname="com.atmecs.konakart.testscripts.SearchPage" name="enterData" time="0.0">
    <skipped/>
  </testcase> <!-- enterData -->
  <testcase classname="com.atmecs.konakart.testscripts.SearchPage" name="enterData" time="0.0">
    <skipped/>
  </testcase> <!-- enterData -->
  <testcase classname="com.atmecs.konakart.testscripts.SearchPage" name="enterData" time="0.0">
    <skipped/>
  </testcase> <!-- enterData -->
</testsuite> <!-- Test -->
